<?xml version="1.0" encoding="UTF-8"?>
<!-- Generated by org.testng.reporters.JUnitReportReporter -->
<testsuite hostname="LUK-5CG15141YF" failures="0" tests="2" name="Amazon.tests.StandAloneTest" time="33.270" errors="0" timestamp="2024-07-29T22:22:36 BST" skipped="0">
  <testcase classname="Amazon.tests.StandAloneTest" name="addItemToCart" time="15.811"/>
  <testcase classname="Amazon.tests.StandAloneTest" name="placeOrder" time="17.459"/>
</testsuite> <!-- Amazon.tests.StandAloneTest -->
