<?xml version="1.0" encoding="UTF-8"?>
<!-- Generated by org.testng.reporters.JUnitReportReporter -->
<testsuite hostname="LUK-5CG15141YF" failures="0" tests="1" name="Amazon.tests.ErrorValidations" time="12.602" errors="0" timestamp="2024-07-27T10:23:25 BST" skipped="0">
  <testcase classname="Amazon.tests.ErrorValidations" name="placeOrder" time="12.602"/>
</testsuite> <!-- Amazon.tests.ErrorValidations -->
